<?xml version="1.0" encoding="UTF-8"?>
<!-- Generated by org.testng.reporters.JUnitReportReporter -->
<testsuite hostname="GK" failures="0" tests="1" name="Company.tests.ErrorValidationsTest" time="6.823" errors="0" timestamp="4 Apr 2024 04:35:40 GMT">
  <testcase classname="Company.tests.ErrorValidationsTest" name="loginErrorValidation" time="6.823"/>
</testsuite> <!-- Company.tests.ErrorValidationsTest -->
